0x40000000	1073741824	010000000000	0b1000000000000000000000000000000
0x20000000	536870912	04000000000	0b100000000000000000000000000000
0x10000000	268435456	02000000000	0b10000000000000000000000000000
0x8000000	134217728	01000000000	0b1000000000000000000000000000
0x4000000	67108864	0400000000	0b100000000000000000000000000
0x2000000	33554432	0200000000	0b10000000000000000000000000
0x1000000	16777216	0100000000	0b1000000000000000000000000
0x800000	8388608	040000000	0b100000000000000000000000
0x400000	4194304	020000000	0b10000000000000000000000
0x200000	2097152	010000000	0b1000000000000000000000
0x100000	1048576	04000000	0b100000000000000000000
0x80000	524288	02000000	0b10000000000000000000
0x40000	262144	01000000	0b1000000000000000000
0x20000	131072	0400000	0b100000000000000000
0x10000	65536	0200000	0b10000000000000000
0x8000	32768	0100000	0b1000000000000000
0x4000	16384	040000	0b100000000000000
0x2000	8192	020000	0b10000000000000
0x1000	4096	010000	0b1000000000000
0x800	2048	04000	0b100000000000
0x400	1024	02000	0b10000000000
0x200	512	01000	0b1000000000
0x100	256	0400	0b100000000
0x80	128	0200	0b10000000
0x40	64	0100	0b1000000
0x20	32	040	0b100000
0x10	16	020	0b10000
0x8	8	010	0b1000
0x4	4	04	0b100
0x2	2	02	0b10
0x1	1	01	0b1
0x0	0	00	0b0
